Change Component Designator: OldDesignator=C1 NewDesignator=C4
Change Component Designator: OldDesignator=C2 NewDesignator=C5
Change Component Designator: OldDesignator=C3 NewDesignator=C6
Change Component Designator: OldDesignator=C4 NewDesignator=C7
Change Component Designator: OldDesignator=C5 NewDesignator=C8
Change Component Designator: OldDesignator=C6 NewDesignator=C9
Change Component Designator: OldDesignator=C7 NewDesignator=C10
Change Component Designator: OldDesignator=C8 NewDesignator=C11
Change Component Designator: OldDesignator=C9 NewDesignator=C12
Change Component Designator: OldDesignator=C10 NewDesignator=C13
Change Component Designator: OldDesignator=C11 NewDesignator=C14
Change Component Designator: OldDesignator=C12 NewDesignator=C15
Change Component Designator: OldDesignator=C13 NewDesignator=C16
Change Component Designator: OldDesignator=C14 NewDesignator=C17
Change Component Designator: OldDesignator=C15 NewDesignator=C18
Change Component Designator: OldDesignator=C16 NewDesignator=C19
Change Component Designator: OldDesignator=C17 NewDesignator=C20
Change Component Designator: OldDesignator=C18 NewDesignator=C21
Change Component Designator: OldDesignator=C19 NewDesignator=C22
Change Component Designator: OldDesignator=RFID NewDesignator=RFID1
Change Component Designator: OldDesignator=SD_CARD NewDesignator=SD_CARD1
Added Component: Designator=C1(LC-0805_C)
Added Component: Designator=C2(LC-0805_C)
Added Component: Designator=C3(LC-0805_C)
Added Pin To Net: NetName=KEY1 Pin=C1-1
Added Pin To Net: NetName=GND Pin=C1-2
Added Pin To Net: NetName=KEY2 Pin=C2-1
Added Pin To Net: NetName=GND Pin=C2-2
Added Pin To Net: NetName=KEY3 Pin=C3-1
Added Pin To Net: NetName=GND Pin=C3-2
Change Net Name : Old Net Name=NetC3_1 New Net Name=NetC6_1
Change Net Name : Old Net Name=NetC4_1 New Net Name=NetC7_1
Added Member To Class: ClassName=车载定位器 Member=Component C20 104
Added Member To Class: ClassName=车载定位器 Member=Component C21 22pF
Added Member To Class: ClassName=车载定位器 Member=Component C22 22pF
Added Member To Class: ClassName=车载定位器 Member=Component R2 10KΩ
Added Member To Class: ClassName=车载定位器 Member=Component R3 10KΩ
Added Member To Class: ClassName=车载定位器 Member=Component R4 10KΩ
